<?xml version="1.0" encoding="UTF-8" ?>
<testsuites id="2026-07-28" name="report_1" tests="4" failures="0" skipped="0" flaky="0" time="0.000">
	<testsuite id="0" name="test_world_model" package="tests" timestamp="2026-07-28T06:18:23" hostname="localhost" tests="4" failures="0" errors="0" skipped="0" flaky="0" time="0.027">
		<testcase name="test_set_and_remove_cable" classname="test_world_model" time="0.004">
		</testcase>
		<testcase name="test_json_roundtrip_is_lossless" classname="test_world_model" time="0.003">
		</testcase>
		<testcase name="test_from_json_rejects_garbage" classname="test_world_model" time="0.004">
		</testcase>
		<testcase name="test_empty_model_roundtrip" classname="test_world_model" time="0.003">
		</testcase>
	</testsuite>
</testsuites>
