<?xml version="1.0" encoding="UTF-8" ?>
<testsuites id="2026-07-28" name="report_3" tests="9" failures="0" skipped="0" flaky="0" time="0.000">
	<testsuite id="0" name="test_game_clock" package="tests" timestamp="2026-07-28T07:12:28" hostname="localhost" tests="5" failures="0" errors="0" skipped="0" flaky="0" time="0.034">
		<testcase name="test_day_and_time_of_day" classname="test_game_clock" time="0.003">
		</testcase>
		<testcase name="test_seasons_cycle_through_the_year" classname="test_game_clock" time="0.003">
		</testcase>
		<testcase name="test_serialize_restore_roundtrip" classname="test_game_clock" time="0.003">
		</testcase>
		<testcase name="test_save_envelope_roundtrip" classname="test_game_clock" time="0.005">
		</testcase>
		<testcase name="test_load_rejects_unsupported_version" classname="test_game_clock" time="0.005">
		</testcase>
	</testsuite>
	<testsuite id="1" name="test_world_model" package="tests" timestamp="2026-07-28T07:12:28" hostname="localhost" tests="4" failures="0" errors="0" skipped="0" flaky="0" time="0.024">
		<testcase name="test_set_and_remove_cable" classname="test_world_model" time="0.003">
		</testcase>
		<testcase name="test_json_roundtrip_is_lossless" classname="test_world_model" time="0.004">
		</testcase>
		<testcase name="test_from_json_rejects_garbage" classname="test_world_model" time="0.004">
		</testcase>
		<testcase name="test_empty_model_roundtrip" classname="test_world_model" time="0.002">
		</testcase>
	</testsuite>
</testsuites>
