<?xml version="1.0" encoding="UTF-8" ?>
<testsuites id="2026-07-28" name="report_4" tests="24" failures="0" skipped="0" flaky="0" time="0.000">
	<testsuite id="0" name="test_game_clock" package="tests" timestamp="2026-07-28T08:44:48" hostname="localhost" tests="5" failures="0" errors="0" skipped="0" flaky="0" time="0.035">
		<testcase name="test_day_and_time_of_day" classname="test_game_clock" time="0.003">
		</testcase>
		<testcase name="test_seasons_cycle_through_the_year" classname="test_game_clock" time="0.004">
		</testcase>
		<testcase name="test_serialize_restore_roundtrip" classname="test_game_clock" time="0.003">
		</testcase>
		<testcase name="test_save_envelope_roundtrip" classname="test_game_clock" time="0.005">
		</testcase>
		<testcase name="test_load_rejects_unsupported_version" classname="test_game_clock" time="0.005">
		</testcase>
	</testsuite>
	<testsuite id="1" name="test_power_topology" package="tests" timestamp="2026-07-28T08:44:48" hostname="localhost" tests="5" failures="0" errors="0" skipped="0" flaky="0" time="0.034">
		<testcase name="test_simple_town_extraction" classname="test_power_topology" time="0.005">
		</testcase>
		<testcase name="test_junction_splits_lines" classname="test_power_topology" time="0.004">
		</testcase>
		<testcase name="test_island_excluded_and_flagged" classname="test_power_topology" time="0.004">
		</testcase>
		<testcase name="test_trip_disconnects_downstream" classname="test_power_topology" time="0.004">
		</testcase>
		<testcase name="test_no_slack_means_no_doc" classname="test_power_topology" time="0.003">
		</testcase>
	</testsuite>
	<testsuite id="2" name="test_weather" package="tests" timestamp="2026-07-28T08:44:48" hostname="localhost" tests="5" failures="0" errors="0" skipped="0" flaky="0" time="0.035">
		<testcase name="test_same_seed_is_deterministic" classname="test_weather" time="0.007">
		</testcase>
		<testcase name="test_different_seeds_differ" classname="test_weather" time="0.004">
		</testcase>
		<testcase name="test_force_calm_zeroes_wind_availability" classname="test_weather" time="0.004">
		</testcase>
		<testcase name="test_wind_availability_curve" classname="test_weather" time="0.003">
		</testcase>
		<testcase name="test_solar_day_night" classname="test_weather" time="0.002">
		</testcase>
	</testsuite>
	<testsuite id="3" name="test_world_model" package="tests" timestamp="2026-07-28T08:44:48" hostname="localhost" tests="4" failures="0" errors="0" skipped="0" flaky="0" time="0.027">
		<testcase name="test_set_and_remove_cable" classname="test_world_model" time="0.004">
		</testcase>
		<testcase name="test_json_roundtrip_is_lossless" classname="test_world_model" time="0.003">
		</testcase>
		<testcase name="test_from_json_rejects_garbage" classname="test_world_model" time="0.004">
		</testcase>
		<testcase name="test_empty_model_roundtrip" classname="test_world_model" time="0.004">
		</testcase>
	</testsuite>
	<testsuite id="4" name="test_world_model_v2" package="tests" timestamp="2026-07-28T08:44:48" hostname="localhost" tests="5" failures="0" errors="0" skipped="0" flaky="0" time="0.033">
		<testcase name="test_occupancy_rules" classname="test_world_model_v2" time="0.005">
		</testcase>
		<testcase name="test_building_footprint_placement" classname="test_world_model_v2" time="0.002">
		</testcase>
		<testcase name="test_v2_roundtrip" classname="test_world_model_v2" time="0.003">
		</testcase>
		<testcase name="test_v1_save_migration" classname="test_world_model_v2" time="0.004">
		</testcase>
		<testcase name="test_spawn_candidates_deterministic_order" classname="test_world_model_v2" time="0.004">
		</testcase>
	</testsuite>
</testsuites>
